<?xml version="1.0" encoding="UTF-8"?>
<!-- Generated by org.testng.reporters.JUnitXMLReporter -->
<testsuite ignored="0" hostname="NSWSYDNLP144" failures="1" tests="1" name="testngTest" time="9.824" errors="0" timestamp="14 Jun. 2019 05:46:31 GMT">
  <testcase classname="com.planittesting.PageObjectModel.LoginPageTests" name="signIn" time="0.015">
    <failure type="java.lang.NullPointerException">
      <![CDATA[java.lang.NullPointerException
at com.planittesting.PageObjectModel.LoginPage.loginFunctionality(LoginPage.java:31)
at com.planittesting.PageObjectModel.LoginPageTests.signIn(LoginPageTests.java:12)
... Removed 25 stack frames]]>
    </failure>
  </testcase> <!-- signIn -->
</testsuite> <!-- testngTest -->
